<?xml version="1.0" encoding="UTF-8"?>
<testng-results skipped="0" failed="0" ignored="0" total="1" passed="1">
  <reporter-output>
  </reporter-output>
  <suite name="Suite" duration-ms="46" started-at="2018-03-28T12:33:24Z" finished-at="2018-03-28T12:33:24Z">
    <groups>
    </groups>
    <test name="Test" duration-ms="46" started-at="2018-03-28T12:33:24Z" finished-at="2018-03-28T12:33:24Z">
      <class name="maven.maventest">
        <test-method status="PASS" signature="testA()[pri:0, instance:maven.maventest@380fb434]" name="testA" duration-ms="14" started-at="2018-03-28T12:33:24Z" finished-at="2018-03-28T12:33:24Z">
          <reporter-output>
          </reporter-output>
        </test-method> <!-- testA -->
      </class> <!-- maven.maventest -->
    </test> <!-- Test -->
  </suite> <!-- Suite -->
</testng-results>
