<?xml version="1.0" encoding="UTF-8"?>
<testng-results skipped="0" failed="0" ignored="0" total="1" passed="1">
  <reporter-output>
  </reporter-output>
  <suite name="Suite" duration-ms="37" started-at="2018-03-28T12:33:13Z" finished-at="2018-03-28T12:33:13Z">
    <groups>
    </groups>
    <test name="Test" duration-ms="37" started-at="2018-03-28T12:33:13Z" finished-at="2018-03-28T12:33:13Z">
      <class name="maven.maventest">
        <test-method status="PASS" signature="testA()[pri:0, instance:maven.maventest@57fffcd7]" name="testA" duration-ms="9" started-at="2018-03-28T18:03:13Z" finished-at="2018-03-28T18:03:13Z">
          <reporter-output>
          </reporter-output>
        </test-method> <!-- testA -->
      </class> <!-- maven.maventest -->
    </test> <!-- Test -->
  </suite> <!-- Suite -->
</testng-results>
